d:\projectmanagervsprogrammer\projectmanagervsprogrammer\x64\debug\projectmanagervsprogrammer.pch
d:\projectmanagervsprogrammer\projectmanagervsprogrammer\x64\debug\vc141.pdb
d:\projectmanagervsprogrammer\projectmanagervsprogrammer\x64\debug\vc141.idb
d:\projectmanagervsprogrammer\projectmanagervsprogrammer\x64\debug\stdafx.obj
d:\projectmanagervsprogrammer\projectmanagervsprogrammer\x64\debug\algif.obj
d:\projectmanagervsprogrammer\projectmanagervsprogrammer\x64\debug\bitmap.obj
d:\projectmanagervsprogrammer\projectmanagervsprogrammer\x64\debug\gif.obj
d:\projectmanagervsprogrammer\projectmanagervsprogrammer\x64\debug\lzw.obj
d:\projectmanagervsprogrammer\projectmanagervsprogrammer\x64\debug\gamefield.obj
d:\projectmanagervsprogrammer\projectmanagervsprogrammer\x64\debug\gamemenu.obj
d:\projectmanagervsprogrammer\projectmanagervsprogrammer\x64\debug\player.obj
d:\projectmanagervsprogrammer\projectmanagervsprogrammer\x64\debug\pm_buku.obj
d:\projectmanagervsprogrammer\projectmanagervsprogrammer\x64\debug\pm_kertas.obj
d:\projectmanagervsprogrammer\projectmanagervsprogrammer\x64\debug\pm_komputer.obj
d:\projectmanagervsprogrammer\projectmanagervsprogrammer\x64\debug\pm_pulpen.obj
d:\projectmanagervsprogrammer\projectmanagervsprogrammer\x64\debug\programmer.obj
d:\projectmanagervsprogrammer\projectmanagervsprogrammer\x64\debug\projectmanager.obj
d:\projectmanagervsprogrammer\projectmanagervsprogrammer\x64\debug\projectmanagervsprogrammer.obj
d:\projectmanagervsprogrammer\projectmanagervsprogrammer\x64\debug\p_keyboard.obj
d:\projectmanagervsprogrammer\projectmanagervsprogrammer\x64\debug\p_laptop.obj
d:\projectmanagervsprogrammer\projectmanagervsprogrammer\x64\debug\p_mouse.obj
d:\projectmanagervsprogrammer\projectmanagervsprogrammer\x64\debug\p_rocket.obj
d:\projectmanagervsprogrammer\x64\debug\projectmanagervsprogrammer.exe
d:\projectmanagervsprogrammer\x64\debug\projectmanagervsprogrammer.ilk
d:\projectmanagervsprogrammer\x64\debug\projectmanagervsprogrammer.pdb
d:\projectmanagervsprogrammer\projectmanagervsprogrammer\x64\debug\projectm.f4043602.tlog\cl.command.1.tlog
d:\projectmanagervsprogrammer\projectmanagervsprogrammer\x64\debug\projectm.f4043602.tlog\cl.read.1.tlog
d:\projectmanagervsprogrammer\projectmanagervsprogrammer\x64\debug\projectm.f4043602.tlog\cl.write.1.tlog
d:\projectmanagervsprogrammer\projectmanagervsprogrammer\x64\debug\projectm.f4043602.tlog\link.command.1.tlog
d:\projectmanagervsprogrammer\projectmanagervsprogrammer\x64\debug\projectm.f4043602.tlog\link.read.1.tlog
d:\projectmanagervsprogrammer\projectmanagervsprogrammer\x64\debug\projectm.f4043602.tlog\link.write.1.tlog
